<?xml version="1.0" encoding="UTF-8"?>
<testsuite xmlns:xsi="http://www.w3.org/2001/XMLSchema-instance" xsi:noNamespaceSchemaLocation="https://maven.apache.org/surefire/maven-surefire-plugin/xsd/surefire-test-report-3.0.xsd" version="3.0" name="jp.co.sss.crud.SpringCrudNameApplicationTests" time="26.88" tests="1" errors="0" skipped="0" failures="0">
  <properties>
[...]
</properties>
  <testcase name="contextLoads" classname="jp.co.sss.crud.SpringCrudNameApplicationTests" time="2.836">
    <system-out><![CDATA[17:08:50.476 [main] INFO org.springframework.test.context.support.AnnotationConfigContextLoaderUtils -- Could not detect default configuration classes for test class [jp.co.sss.crud.SpringCrudNameApplicationTests]: SpringCrudNameApplicationTests does not declare any static, non-private, non-final, nested classes annotated with @Configuration.
17:08:50.864 [main] INFO org.springframework.boot.test.context.SpringBootTestContextBootstrapper -- Found @SpringBootConfiguration jp.co.sss.crud.SpringCrudNameApplication for test class jp.co.sss.crud.SpringCrudNameApplicationTests
17:08:51.610 [main] INFO org.springframework.boot.devtools.restart.RestartApplicationListener -- Restart disabled due to context in which it is running

  .   ____          _            __ _ _
 /\\ / ___'_ __ _ _(_)_ __  __ _ \ \ \ \
( ( )\___ | '_ | '_| | '_ \/ _` | \ \ \ \
 \\/  ___)| |_)| | | | | || (_| |  ) ) ) )
  '  |____| .__|_| |_|_| |_\__, | / / / /
 =========|_|==============|___/=/_/_/_/
 :: Spring Boot ::                (v3.1.5)

2025-06-23T17:08:52.722+09:00  INFO 15080 --- [           main] j.c.s.c.SpringCrudNameApplicationTests   : Starting SpringCrudNameApplicationTests using Java 17.0.9 with PID 15080 (started by edu in C:\pleiades\2023-09\workspace\spring_crud_05)
2025-06-23T17:08:52.726+09:00  INFO 15080 --- [           main] j.c.s.c.SpringCrudNameApplicationTests   : The following 1 profile is active: "test"
2025-06-23T17:08:56.927+09:00  INFO 15080 --- [           main] .s.d.r.c.RepositoryConfigurationDelegate : Bootstrapping Spring Data JPA repositories in DEFAULT mode.
2025-06-23T17:08:57.215+09:00  INFO 15080 --- [           main] .s.d.r.c.RepositoryConfigurationDelegate : Finished Spring Data repository scanning in 259 ms. Found 2 JPA repository interfaces.
2025-06-23T17:08:59.233+09:00  INFO 15080 --- [           main] com.zaxxer.hikari.HikariDataSource       : HikariPool-1 - Starting...
2025-06-23T17:08:59.247+09:00  WARN 15080 --- [           main] c.zaxxer.hikari.util.DriverDataSource    : Registered driver with driverClassName=oracle.jdbc.driver.OracleDriver was not found, trying direct instantiation.
2025-06-23T17:09:00.646+09:00  INFO 15080 --- [           main] com.zaxxer.hikari.pool.HikariPool        : HikariPool-1 - Added connection oracle.jdbc.driver.T4CConnection@44286963
2025-06-23T17:09:00.652+09:00  INFO 15080 --- [           main] com.zaxxer.hikari.HikariDataSource       : HikariPool-1 - Start completed.
2025-06-23T17:09:01.091+09:00  INFO 15080 --- [           main] o.hibernate.jpa.internal.util.LogHelper  : HHH000204: Processing PersistenceUnitInfo [name: default]
2025-06-23T17:09:01.454+09:00  INFO 15080 --- [           main] org.hibernate.Version                    : HHH000412: Hibernate ORM core version 6.2.13.Final
2025-06-23T17:09:01.462+09:00  INFO 15080 --- [           main] org.hibernate.cfg.Environment            : HHH000406: Using bytecode reflection optimizer
2025-06-23T17:09:02.723+09:00  INFO 15080 --- [           main] o.s.o.j.p.SpringPersistenceUnitInfo      : No LoadTimeWeaver setup: ignoring JPA class transformer
2025-06-23T17:09:05.938+09:00  INFO 15080 --- [           main] o.h.e.t.j.p.i.JtaPlatformInitiator       : HHH000489: No JTA platform available (set 'hibernate.transaction.jta.platform' to enable JTA platform integration)
2025-06-23T17:09:05.947+09:00  INFO 15080 --- [           main] j.LocalContainerEntityManagerFactoryBean : Initialized JPA EntityManagerFactory for persistence unit 'default'
2025-06-23T17:09:07.201+09:00  INFO 15080 --- [           main] o.s.d.j.r.query.QueryEnhancerFactory     : Hibernate is in classpath; If applicable, HQL parser will be used.
2025-06-23T17:09:10.170+09:00  WARN 15080 --- [           main] JpaBaseConfiguration$JpaWebConfiguration : spring.jpa.open-in-view is enabled by default. Therefore, database queries may be performed during view rendering. Explicitly configure spring.jpa.open-in-view to disable this warning
2025-06-23T17:09:12.064+09:00  INFO 15080 --- [           main] o.s.b.a.w.s.WelcomePageHandlerMapping    : Adding welcome page template: index
2025-06-23T17:09:13.255+09:00  INFO 15080 --- [           main] o.s.b.a.h2.H2ConsoleAutoConfiguration    : H2 console available at '/h2-console'. Database available at 'jdbc:oracle:thin:@localhost:1521/xepdb1'
2025-06-23T17:09:13.525+09:00  INFO 15080 --- [           main] j.c.s.c.SpringCrudNameApplicationTests   : Started SpringCrudNameApplicationTests in 22.066 seconds (process running for 26.891)
]]></system-out>
  </testcase>
</testsuite>